11 19 2
Intel Pentium 3
1434 133 1999 44000000 32 130 80 42760
Freescale PowerPC 74xx
2048 200 1999 99000000 32 90 58 30000
Intel i386
33 33 1985 275000 32 1000 102 2000
Intel Pentium 4
3891 1066 2000 178000000 64 65 112 115000
AMD K6-2
550 100 1998 9300000 32 250 81 25000
IBM & Motorola PowerPC 7xx
1024 240 1997 20000000 32 90 16 9800
Intel Core 2 Duo
3410 1362 2006 410000000 64 45 107 65000
MIPS R3000
33 33 1988 120000 32 1200 56 4000
NexGen Nx586
111 56 1994 3500000 32 440 165 9000
Intel Core i7
3566 6554 2008 1170000000 64 32 239 130000
AMD Am486
133 40 1993 1200000 32 350 89 4320
IDT Winchip 2
300 100 1997 5900000 32 250 58 16000
IBM PowerPC 970
2560 1024 2002 58000000 64 90 65 100
MOS 65xx
14 14 1975 3510 8 16000 21 800
Intel i486
100 50 1989 1200000 32 600 87 5800
Zilog Z80
20 20 1976 8500 8 4000 18 1100
Intel 80286
12 12 1982 134000 16 1500 49 3300
VIA C3
1434 200 2000 20500000 32 130 47 21000
AMD Phenom II
3789 4096 2009 758000000 64 45 258 125000
AMD Phenom
2662 4096 2007 450000000 64 65 285 125000
Intel Core i5
3686 5120 2009 995000000 64 32 82 95000
Cyrix 6x86
150 75 1995 6000000 32 350 394 23000
Motorola 68000
20 20 1979 68000 16 5000 44 380
Intel 8080
3 3 1974 6000 8 6000 20 1610
Intel Pentium
200 66 1993 3300000 32 350 83 1550
AMD Athlon 64
2867 2048 2003 243000000 64 65 77 125000
AMD Athlon
1434 266 1999 37000000 32 180 120 72100
Intel 8086
10 10 1976 29000 16 3000 33 2180
Intel Pentium II
450 100 1997 7500000 32 250 131 3820
NEC v30
16 16 1984 63000 16 1200 33 500
