

#include <stdio.h>
#include <string.h>


int prox_int() {
  int x;
  int lido = 0;

  while(!lido){
    scanf("%*[ ]s");
    if (scanf("%d", &x)) { 
      lido = 1; 
    } else {
      scanf("%*[#]c"); 
      scanf("%*[^\n]"); 
      scanf("%*[\n]"); 
    }
  }
  return x;
}


int ler_pgm(int img[][400],int *W, int *H, int *MaxV, int *F, int *P) {
  char nome_formato[3];
  char c;
  int i,j;

  
  scanf("%s ", nome_formato);
  if (strcmp(nome_formato, "P2") != 0)
    return 0;

  
  scanf("%[#]c", &c);
  *F = prox_int();
  if(*F == 3)
    *P = prox_int(); 
  
  
  *W = prox_int();
  *H = prox_int();

  
  *MaxV = prox_int();

  
  for (i = 0; i < *H; i++) {
    for (j = 0; j < *W; j++) {
      img[i][j] = prox_int();
    }
  }

  return 1;
}


void escrever_pgm(int img[][400], int W, int H, int MaxV) {
  int i, j;

  
  printf("P2\n"); 
  printf("%d %d", W, H); 
  printf(" %d\n", MaxV); 

  
  for (i = 0; i < H; i++) {
    printf("%d", img[i][0]);
    for (j = 1; j < W; j++) {
      printf(" %d", img[i][j]);
    }
    printf("\n");
  }
}





void troca(int *x, int *y) {
  int aux = *x;
  *x = *y;
  *y = aux;
}


int mediana(int vet[], int size) {
  int i, j, min;
  
  
  for (i = 0; i <= size / 2; i++) {
    min = i;
    for (j = i + 1; j < size; j++)
      if (vet[j] < vet[min])
        min = j;
    troca(&vet[i], &vet[min]);
  }

  
  return vet[size / 2];
}


void filtro1(int img[][400], int W, int H, int MaxV) {  
  int i, j;
  
  
  float M = 0.0;	  

  for (i = 0; i < H; i++) {
    for (j = 0; j < W; j++) {
      
      if (img[i][j] <= M)
        img[i][j] = 0;
      else
        img[i][j] = MaxV;
    }
  }
}


void filtro2(int img[][400], int W, int H) {
  int i, j;
  
  for (i = 0; i < H; i++)
    for (j = 0; j < W/2; j++)
      
      troca(&img[i][j], &img[i][W-j-1]);
}


void filtro3(int img[][400], int W, int H, int P) {  
  int i, j;
   
  int aux[400];

  for (i = 0; i < H; i++) {
    
    for (j = 0; j < W; j++)
      aux[j] = img[i][(j + P) % W]; 
    
    for (j = 0; j < W; j++)
      img[i][j] = aux[j];
  }
}


void filtro4(int img[][400], int W, int H) {
    
  int img2[400][400];  
  int i, j, x, y, z;

  
  int vet[9];

  for (i = 1; i < H - 1; i++) {
    for (j = 1; j < W - 1; j++) {
      z = 0;

      
      for (x = i - 1; x <= i + 1; x++)
        for (y = j - 1; y <= j + 1; y++)
          vet[z++] = img[x][y];
      
      
      img2[i][j] = mediana(vet, z);
    }
  }
  
  
  for (i = 1; i < H - 1; i++)
    for (j = 1; j < W - 1; j++)
      img[i][j] = img2[i][j];
}

int main() {
  
  int img[400][400]; 
 
  
  int W, H, MaxV;

  
  int F;
  
  int P;

  
  if (ler_pgm(img, &W, &H, &MaxV, &F, &P) != 1) {
    printf("Error: nao foi possivel ler a imagem\n");
    return 0;
  }

  
  

  
  escrever_pgm(img, W, H, MaxV);

  return 0;
}
